<?xml version='1.0' encoding='utf-8'?>
<beans xmlns="http://www.springframework.org/schema/beans" 
       xmlns:xsi="http://www.w3.org/2001/XMLSchema-instance" 
       xmlns:context="http://www.springframework.org/schema/context"
       xmlns:aop="http://www.springframework.org/schema/aop"
       xsi:schemaLocation="http://www.springframework.org/schema/beans 
                           http://www.springframework.org/schema/beans/spring-beans-3.0.xsd
                           http://www.springframework.org/schema/context https://www.springframework.org/schema/context/spring-context.xsd
                           http://www.springframework.org/schema/aop https://www.springframework.org/schema/aop/spring-aop.xsd">


    <bean id="viewResolver" class="org.springframework.web.servlet.view.InternalResourceViewResolver">
        <property name="prefix" value="/WEB-INF/jsp/" />
        <property name="suffix" value=".jsp" />
    </bean>
    
    <aop:aspectj-autoproxy></aop:aspectj-autoproxy>

	<bean id="hello" class="my.aoptest.HelloAdvice"></bean>
	<bean id="hello1" class="my.aoptest.Hello"></bean>    
    <bean id="advisor1" class="my.control.AdvisorClass"></bean>
    
	<aop:config>
		<aop:aspect ref='advisor1'>
			<aop:pointcut id="point1"
				expression="execution(* method1())" />
	
			<aop:before method="beforeMethod" pointcut-ref="point1" />
			<aop:after method="afterMethod" pointcut-ref="point1"/>
			<aop:around method="aroundMethod" pointcut-ref="point1" />
			<!-- <aop:after-returning method="afterReturningMethod" pointcut-ref="point1"/> --> 
			<!--	<aop:after-throwing method="afterThrowingMethod" pointcut-ref="point1" throwing="e1"/> -->
		</aop:aspect>
	</aop:config>
    
    <context:component-scan base-package="my.control" />

</beans>
